#
# A fatal error has been detected by the Java Runtime Environment:
#
#  EXCEPTION_ACCESS_VIOLATION (0xc0000005) at pc=0x000000006d60d546, pid=6112, tid=0x00000000000000cc
#
# JRE version: Java(TM) SE Runtime Environment (8.0_162-b12) (build 1.8.0_162-b12)
# Java VM: Java HotSpot(TM) 64-Bit Server VM (25.162-b12 mixed mode windows-amd64 compressed oops)
# Problematic frame:
# V  [jvm.dll+0x5d546]
#
# Failed to write core dump. Minidumps are not enabled by default on client versions of Windows
#
# If you would like to submit a bug report, please visit:
#   http://bugreport.java.com/bugreport/crash.jsp
#

---------------  T H R E A D  ---------------

Current thread (0x0000000004a95800):  JavaThread "main" [_thread_in_vm, id=204, stack(0x0000000004610000,0x0000000004710000)]

siginfo: ExceptionCode=0xc0000005, reading address 0x00000000193a3468

Registers:
RAX=0x0000000000006572, RBX=0x0000000000007430, RCX=0x0000000000007200, RDX=0x0000000000006572
RSP=0x000000000470d130, RBP=0x000000000470d230, RSI=0x0000000000000000, RDI=0x0000000019370888
R8 =0x0000000000006572, R9 =0x0000000004c37cd0, R10=0x0000000000000000, R11=0x000000000470cd60
R12=0x000000000470d530, R13=0x0000000004a95800, R14=0x000000000470d5f0, R15=0x000000000470d4e0
RIP=0x000000006d60d546, EFLAGS=0x0000000000010246

Top of Stack: (sp=0x000000000470d130)
0x000000000470d130:   000000000470d230 0000000000000000
0x000000000470d140:   0000000004c3ee20 000000001ad59720
0x000000000470d150:   0000000000000030 0000000000000027
0x000000000470d160:   0000000004c30000 00007ffcb2178912
0x000000000470d170:   0000000000000040 00007ffcb21767b6
0x000000000470d180:   0000000000000027 0000000000000000
0x000000000470d190:   000000000470d700 0000000019370888
0x000000000470d1a0:   0000000004a95800 0000000000000000
0x000000000470d1b0:   0000000004c3ee40 0000000004c3ee30
0x000000000470d1c0:   0000000004c3ee38 0000000004c3ee20
0x000000000470d1d0:   000000001ad59240 000000001ad59750
0x000000000470d1e0:   000000001ad61228 00000000000083b0
0x000000000470d1f0:   0000000004b4a880 0000000000000000
0x000000000470d200:   000000001b895390 00007ffcae90dbec
0x000000000470d210:   0000000000346572 00000000000083b0
0x000000000470d220:   0000000000000000 000000001ad61228 

Instructions: (pc=0x000000006d60d546)
0x000000006d60d526:   48 89 45 f8 48 8b 45 a8 48 89 45 18 48 8b 45 98
0x000000006d60d536:   48 89 45 00 e9 2a ff ff ff 4c 8b 7d 28 0f b7 c2
0x000000006d60d546:   48 8b 7c c7 50 48 83 e7 fe 48 89 7d 50 49 89 3f
0x000000006d60d556:   74 10 48 8b cf e8 20 df 0d 00 48 8b cf e8 38 df 


Register to memory mapping:

RAX=0x0000000000006572 is an unknown value
RBX=0x0000000000007430 is an unknown value
RCX=0x0000000000007200 is an unknown value
RDX=0x0000000000006572 is an unknown value
RSP=0x000000000470d130 is pointing into the stack for thread: 0x0000000004a95800
RBP=0x000000000470d230 is pointing into the stack for thread: 0x0000000004a95800
RSI=0x0000000000000000 is an unknown value
RDI=0x0000000019370888 is pointing into metadata
R8 =0x0000000000006572 is an unknown value
R9 =0x0000000004c37cd0 is an unknown value
R10=0x0000000000000000 is an unknown value
R11=0x000000000470cd60 is pointing into the stack for thread: 0x0000000004a95800
R12=0x000000000470d530 is pointing into the stack for thread: 0x0000000004a95800
R13=0x0000000004a95800 is a thread
R14=0x000000000470d5f0 is pointing into the stack for thread: 0x0000000004a95800
R15=0x000000000470d4e0 is pointing into the stack for thread: 0x0000000004a95800


Stack: [0x0000000004610000,0x0000000004710000],  sp=0x000000000470d130,  free space=1012k
Native frames: (J=compiled Java code, j=interpreted, Vv=VM code, C=native code)
V  [jvm.dll+0x5d546]
V  [jvm.dll+0x60193]
V  [jvm.dll+0x7c7f9]
V  [jvm.dll+0x7d0d4]
V  [jvm.dll+0x7e7a6]
V  [jvm.dll+0x7e7fd]
V  [jvm.dll+0xf7b13]
V  [jvm.dll+0xbbbf3]
V  [jvm.dll+0xbbdaf]
C  0x0000000004c66735

Java frames: (J=compiled Java code, j=interpreted, Vv=VM code)
j  java.util.regex.Pattern.clazz(Z)Ljava/util/regex/Pattern$CharProperty;+4
j  java.util.regex.Pattern.sequence(Ljava/util/regex/Pattern$Node;)Ljava/util/regex/Pattern$Node;+176
j  java.util.regex.Pattern.expr(Ljava/util/regex/Pattern$Node;)Ljava/util/regex/Pattern$Node;+12
j  java.util.regex.Pattern.group0()Ljava/util/regex/Pattern$Node;+623
j  java.util.regex.Pattern.sequence(Ljava/util/regex/Pattern$Node;)Ljava/util/regex/Pattern$Node;+137
j  java.util.regex.Pattern.expr(Ljava/util/regex/Pattern$Node;)Ljava/util/regex/Pattern$Node;+12
j  java.util.regex.Pattern.compile()V+202
j  java.util.regex.Pattern.<init>(Ljava/lang/String;I)V+62
j  java.util.regex.Pattern.compile(Ljava/lang/String;)Ljava/util/regex/Pattern;+6
j  java.util.Formatter.<clinit>()V+2
v  ~StubRoutines::call_stub
j  java.lang.String.format(Ljava/lang/String;[Ljava/lang/Object;)Ljava/lang/String;+0
j  org.springframework.boot.logging.logback.LogbackLoggingSystem.getLoggerContext()Lch/qos/logback/classic/LoggerContext;+31
j  org.springframework.boot.logging.logback.LogbackLoggingSystem.beforeInitialize()V+1
j  org.springframework.boot.logging.LoggingApplicationListener.onApplicationStartingEvent(Lorg/springframework/boot/context/event/ApplicationStartingEvent;)V+18
j  org.springframework.boot.logging.LoggingApplicationListener.onApplicationEvent(Lorg/springframework/context/ApplicationEvent;)V+12
j  org.springframework.context.event.SimpleApplicationEventMulticaster.doInvokeListener(Lorg/springframework/context/ApplicationListener;Lorg/springframework/context/ApplicationEvent;)V+2
j  org.springframework.context.event.SimpleApplicationEventMulticaster.invokeListener(Lorg/springframework/context/ApplicationListener;Lorg/springframework/context/ApplicationEvent;)V+34
j  org.springframework.context.event.SimpleApplicationEventMulticaster.multicastEvent(Lorg/springframework/context/ApplicationEvent;Lorg/springframework/core/ResolvableType;)V+85
j  org.springframework.context.event.SimpleApplicationEventMulticaster.multicastEvent(Lorg/springframework/context/ApplicationEvent;)V+7
j  org.springframework.boot.context.event.EventPublishingRunListener.starting()V+19
j  org.springframework.boot.SpringApplicationRunListeners.starting()V+30
j  org.springframework.boot.SpringApplication.run([Ljava/lang/String;)Lorg/springframework/context/ConfigurableApplicationContext;+30
j  org.springframework.boot.SpringApplication.run([Ljava/lang/Object;[Ljava/lang/String;)Lorg/springframework/context/ConfigurableApplicationContext;+9
j  org.springframework.boot.SpringApplication.run(Ljava/lang/Object;[Ljava/lang/String;)Lorg/springframework/context/ConfigurableApplicationContext;+9
j  com.example.demo.DemoApplication.main([Ljava/lang/String;)V+3
v  ~StubRoutines::call_stub

---------------  P R O C E S S  ---------------

Java Threads: ( => current thread )
  0x000000001ab27000 JavaThread "Service Thread" daemon [_thread_blocked, id=6368, stack(0x000000001b3c0000,0x000000001b4c0000)]
  0x000000001ab22800 JavaThread "C1 CompilerThread2" daemon [_thread_blocked, id=3348, stack(0x000000001b2c0000,0x000000001b3c0000)]
  0x000000001ab1e800 JavaThread "C2 CompilerThread1" daemon [_thread_blocked, id=7140, stack(0x000000001b1c0000,0x000000001b2c0000)]
  0x000000001aacb000 JavaThread "C2 CompilerThread0" daemon [_thread_blocked, id=9292, stack(0x000000001b0c0000,0x000000001b1c0000)]
  0x000000001aaca800 JavaThread "Attach Listener" daemon [_thread_blocked, id=9016, stack(0x000000001afc0000,0x000000001b0c0000)]
  0x0000000019783000 JavaThread "Signal Dispatcher" daemon [_thread_blocked, id=10712, stack(0x000000001aec0000,0x000000001afc0000)]
  0x000000001975a800 JavaThread "Finalizer" daemon [_thread_blocked, id=4656, stack(0x000000001a9c0000,0x000000001aac0000)]
  0x0000000004b84000 JavaThread "Reference Handler" daemon [_thread_blocked, id=3840, stack(0x000000001a8c0000,0x000000001a9c0000)]
=>0x0000000004a95800 JavaThread "main" [_thread_in_vm, id=204, stack(0x0000000004610000,0x0000000004710000)]

Other Threads:
  0x0000000019737800 VMThread [stack: 0x000000001a7c0000,0x000000001a8c0000] [id=6176]
  0x000000001ab38800 WatcherThread [stack: 0x000000001b4c0000,0x000000001b5c0000] [id=5640]

VM state:not at safepoint (normal execution)

VM Mutex/Monitor currently owned by a thread: None

Heap:
 PSYoungGen      total 38400K, used 19359K [0x00000000d5f00000, 0x00000000d8980000, 0x0000000100000000)
  eden space 33280K, 58% used [0x00000000d5f00000,0x00000000d71e7c50,0x00000000d7f80000)
  from space 5120K, 0% used [0x00000000d8480000,0x00000000d8480000,0x00000000d8980000)
  to   space 5120K, 0% used [0x00000000d7f80000,0x00000000d7f80000,0x00000000d8480000)
 ParOldGen       total 87552K, used 0K [0x0000000081c00000, 0x0000000087180000, 0x00000000d5f00000)
  object space 87552K, 0% used [0x0000000081c00000,0x0000000081c00000,0x0000000087180000)
 Metaspace       used 6441K, capacity 6594K, committed 6784K, reserved 1056768K
  class space    used 755K, capacity 791K, committed 896K, reserved 1048576K

Card table byte_map: [0x0000000014000000,0x0000000014400000] byte_map_base: 0x0000000013bf2000

Marking Bits: (ParMarkBitMap*) 0x000000006ddd0860
 Begin Bits: [0x0000000014ab0000, 0x0000000016a40000)
 End Bits:   [0x0000000016a40000, 0x00000000189d0000)

Polling page: 0x0000000002eb0000

CodeCache: size=245760Kb used=2316Kb max_used=2316Kb free=243443Kb
 bounds [0x0000000004c40000, 0x0000000004eb0000, 0x0000000013c40000]
 total_blobs=730 nmethods=450 adapters=193
 compilation: enabled

Compilation events (10 events):
Event: 1.470 Thread 0x000000001ab22800  445       1       java.lang.reflect.Method::getDeclaringClass (5 bytes)
Event: 1.470 Thread 0x000000001ab22800 nmethod 445 0x0000000004e80550 code [0x0000000004e806a0, 0x0000000004e807b0]
Event: 1.470 Thread 0x000000001ab22800  447       3       org.springframework.core.SerializableTypeWrapper$2::getType (13 bytes)
Event: 1.470 Thread 0x000000001ab22800 nmethod 447 0x0000000004e7fe10 code [0x0000000004e7ffa0, 0x0000000004e80388]
Event: 1.471 Thread 0x000000001ab22800  448       3       java.lang.StringBuilder::<init> (18 bytes)
Event: 1.471 Thread 0x000000001ab22800 nmethod 448 0x0000000004e7f5d0 code [0x0000000004e7f760, 0x0000000004e7fc28]
Event: 1.471 Thread 0x000000001ab22800  449       3       org.springframework.core.ResolvableType::resolve (16 bytes)
Event: 1.471 Thread 0x000000001ab22800 nmethod 449 0x0000000004e7f250 code [0x0000000004e7f3a0, 0x0000000004e7f550]
Event: 1.477 Thread 0x000000001ab22800  450       3       java.net.URLClassLoader::defineClass (142 bytes)
Event: 1.479 Thread 0x000000001ab22800 nmethod 450 0x0000000004e81b50 code [0x0000000004e81ec0, 0x0000000004e84198]

GC Heap History (0 events):
No events

Deoptimization events (1 events):
Event: 0.299 Thread 0x0000000004a95800 Uncommon trap: reason=unstable_if action=reinterpret pc=0x0000000004d5f2b8 method=java.lang.String.hashCode()I @ 14

Classes redefined (0 events):
No events

Internal exceptions (10 events):
Event: 1.392 Thread 0x0000000004a95800 Exception <a 'java/lang/ArrayIndexOutOfBoundsException'> (0x00000000d6ca8f60) thrown at [C:\re\workspace\8-2-build-windows-amd64-cygwin\jdk8u162\10278\hotspot\src\share\vm\runtime\sharedRuntime.cpp, line 605]
Event: 1.393 Thread 0x0000000004a95800 Exception <a 'java/lang/ArrayIndexOutOfBoundsException'> (0x00000000d6cb7ed8) thrown at [C:\re\workspace\8-2-build-windows-amd64-cygwin\jdk8u162\10278\hotspot\src\share\vm\runtime\sharedRuntime.cpp, line 605]
Event: 1.394 Thread 0x0000000004a95800 Exception <a 'java/lang/ArrayIndexOutOfBoundsException'> (0x00000000d6cc6338) thrown at [C:\re\workspace\8-2-build-windows-amd64-cygwin\jdk8u162\10278\hotspot\src\share\vm\runtime\sharedRuntime.cpp, line 605]
Event: 1.395 Thread 0x0000000004a95800 Exception <a 'java/lang/ArrayIndexOutOfBoundsException'> (0x00000000d6cd40b8) thrown at [C:\re\workspace\8-2-build-windows-amd64-cygwin\jdk8u162\10278\hotspot\src\share\vm\runtime\sharedRuntime.cpp, line 605]
Event: 1.396 Thread 0x0000000004a95800 Exception <a 'java/lang/ArrayIndexOutOfBoundsException'> (0x00000000d6ce1ef0) thrown at [C:\re\workspace\8-2-build-windows-amd64-cygwin\jdk8u162\10278\hotspot\src\share\vm\runtime\sharedRuntime.cpp, line 605]
Event: 1.397 Thread 0x0000000004a95800 Exception <a 'java/lang/ArrayIndexOutOfBoundsException'> (0x00000000d6cefc68) thrown at [C:\re\workspace\8-2-build-windows-amd64-cygwin\jdk8u162\10278\hotspot\src\share\vm\runtime\sharedRuntime.cpp, line 605]
Event: 1.398 Thread 0x0000000004a95800 Exception <a 'java/lang/ArrayIndexOutOfBoundsException'> (0x00000000d6cfebf0) thrown at [C:\re\workspace\8-2-build-windows-amd64-cygwin\jdk8u162\10278\hotspot\src\share\vm\runtime\sharedRuntime.cpp, line 605]
Event: 1.400 Thread 0x0000000004a95800 Exception <a 'java/lang/ArrayIndexOutOfBoundsException'> (0x00000000d6d0f350) thrown at [C:\re\workspace\8-2-build-windows-amd64-cygwin\jdk8u162\10278\hotspot\src\share\vm\runtime\sharedRuntime.cpp, line 605]
Event: 1.402 Thread 0x0000000004a95800 Exception <a 'java/lang/ArrayIndexOutOfBoundsException'> (0x00000000d6d202b0) thrown at [C:\re\workspace\8-2-build-windows-amd64-cygwin\jdk8u162\10278\hotspot\src\share\vm\runtime\sharedRuntime.cpp, line 605]
Event: 1.418 Thread 0x0000000004a95800 Exception <a 'java/lang/ArrayIndexOutOfBoundsException'> (0x00000000d6e2cd48) thrown at [C:\re\workspace\8-2-build-windows-amd64-cygwin\jdk8u162\10278\hotspot\src\share\vm\runtime\sharedRuntime.cpp, line 605]

Events (10 events):
Event: 1.483 loading class java/util/Formatter done
Event: 1.483 loading class java/util/regex/Pattern$GroupTail
Event: 1.483 loading class java/util/regex/Pattern$GroupTail done
Event: 1.483 loading class java/util/regex/Pattern$Ctype
Event: 1.484 loading class java/util/regex/Pattern$Ctype done
Event: 1.484 loading class java/util/regex/Pattern$Curly
Event: 1.484 loading class java/util/regex/Pattern$Curly done
Event: 1.484 loading class java/util/regex/Pattern$Ques
Event: 1.484 loading class java/util/regex/Pattern$Ques done
Event: 1.484 loading class java/util/regex/Pattern$BitClass


Dynamic libraries:
0x00007ff6e97b0000 - 0x00007ff6e97e7000 	D:\develop\java\jdk\jdk1.8.0_162\bin\javaw.exe
0x00007ffcb2150000 - 0x00007ffcb2330000 	C:\Windows\SYSTEM32\ntdll.dll
0x00007ffcaf770000 - 0x00007ffcaf81e000 	C:\Windows\System32\KERNEL32.DLL
0x00007ffcae8b0000 - 0x00007ffcaeb16000 	C:\Windows\System32\KERNELBASE.dll
0x00007ffcaf820000 - 0x00007ffcaf8c1000 	C:\Windows\System32\ADVAPI32.dll
0x00007ffcb0240000 - 0x00007ffcb02dd000 	C:\Windows\System32\msvcrt.dll
0x00007ffcafd80000 - 0x00007ffcafddb000 	C:\Windows\System32\sechost.dll
0x00007ffcaf630000 - 0x00007ffcaf74f000 	C:\Windows\System32\RPCRT4.dll
0x00007ffcafde0000 - 0x00007ffcaff6f000 	C:\Windows\System32\USER32.dll
0x00007ffcae840000 - 0x00007ffcae860000 	C:\Windows\System32\win32u.dll
0x00007ffcb0520000 - 0x00007ffcb0548000 	C:\Windows\System32\GDI32.dll
0x00007ffcaeb80000 - 0x00007ffcaed13000 	C:\Windows\System32\gdi32full.dll
0x00007ffcae7a0000 - 0x00007ffcae83b000 	C:\Windows\System32\msvcp_win.dll
0x00007ffcaedd0000 - 0x00007ffcaeec6000 	C:\Windows\System32\ucrtbase.dll
0x00007ffc9f570000 - 0x00007ffc9f7d9000 	C:\Windows\WinSxS\amd64_microsoft.windows.common-controls_6595b64144ccf1df_6.0.16299.125_none_15cbcf8893620c09\COMCTL32.dll
0x00007ffcaf8d0000 - 0x00007ffcafbd8000 	C:\Windows\System32\combase.dll
0x00007ffcae550000 - 0x00007ffcae5c2000 	C:\Windows\System32\bcryptPrimitives.dll
0x00007ffcafc40000 - 0x00007ffcafc6d000 	C:\Windows\System32\IMM32.DLL
0x000000006de50000 - 0x000000006df21000 	D:\develop\java\jdk\jdk1.8.0_162\jre\bin\msvcr100.dll
0x000000006d5b0000 - 0x000000006de50000 	D:\develop\java\jdk\jdk1.8.0_162\jre\bin\server\jvm.dll
0x00007ffcb2100000 - 0x00007ffcb2108000 	C:\Windows\System32\PSAPI.DLL
0x00007ffc8fd90000 - 0x00007ffc8fd99000 	C:\Windows\SYSTEM32\WSOCK32.dll
0x00007ffcb02e0000 - 0x00007ffcb034c000 	C:\Windows\System32\WS2_32.dll
0x00007ffcac740000 - 0x00007ffcac763000 	C:\Windows\SYSTEM32\WINMM.dll
0x00007ffca4780000 - 0x00007ffca478a000 	C:\Windows\SYSTEM32\VERSION.dll
0x00007ffcac6e0000 - 0x00007ffcac70a000 	C:\Windows\SYSTEM32\WINMMBASE.dll
0x00007ffcae860000 - 0x00007ffcae8aa000 	C:\Windows\System32\cfgmgr32.dll
0x000000006edc0000 - 0x000000006edcf000 	D:\develop\java\jdk\jdk1.8.0_162\jre\bin\verify.dll
0x000000006d580000 - 0x000000006d5a9000 	D:\develop\java\jdk\jdk1.8.0_162\jre\bin\java.dll
0x000000006d560000 - 0x000000006d576000 	D:\develop\java\jdk\jdk1.8.0_162\jre\bin\zip.dll
0x00007ffcb0550000 - 0x00007ffcb1986000 	C:\Windows\System32\SHELL32.dll
0x00007ffcafff0000 - 0x00007ffcb0096000 	C:\Windows\System32\shcore.dll
0x00007ffcaeed0000 - 0x00007ffcaf617000 	C:\Windows\System32\windows.storage.dll
0x00007ffcb20a0000 - 0x00007ffcb20f1000 	C:\Windows\System32\shlwapi.dll
0x00007ffcae4a0000 - 0x00007ffcae4b1000 	C:\Windows\System32\kernel.appcore.dll
0x00007ffcae4e0000 - 0x00007ffcae52c000 	C:\Windows\System32\powrprof.dll
0x00007ffcae4c0000 - 0x00007ffcae4db000 	C:\Windows\System32\profapi.dll
0x00007ffc98500000 - 0x00007ffc986c8000 	C:\Windows\SYSTEM32\dbghelp.dll

VM Arguments:
jvm_args: -Dfile.encoding=UTF-8 
java_command: com.example.demo.DemoApplication
java_class_path (initial): D:\develop\java\jdk\jdk1.8.0_162\jre\lib\resources.jar;D:\develop\java\jdk\jdk1.8.0_162\jre\lib\rt.jar;D:\develop\java\jdk\jdk1.8.0_162\jre\lib\jsse.jar;D:\develop\java\jdk\jdk1.8.0_162\jre\lib\jce.jar;D:\develop\java\jdk\jdk1.8.0_162\jre\lib\charsets.jar;D:\develop\java\jdk\jdk1.8.0_162\jre\lib\jfr.jar;D:\develop\java\jdk\jdk1.8.0_162\jre\lib\ext\access-bridge-64.jar;D:\develop\java\jdk\jdk1.8.0_162\jre\lib\ext\cldrdata.jar;D:\develop\java\jdk\jdk1.8.0_162\jre\lib\ext\dnsns.jar;D:\develop\java\jdk\jdk1.8.0_162\jre\lib\ext\jaccess.jar;D:\develop\java\jdk\jdk1.8.0_162\jre\lib\ext\jfxrt.jar;D:\develop\java\jdk\jdk1.8.0_162\jre\lib\ext\localedata.jar;D:\develop\java\jdk\jdk1.8.0_162\jre\lib\ext\nashorn.jar;D:\develop\java\jdk\jdk1.8.0_162\jre\lib\ext\sunec.jar;D:\develop\java\jdk\jdk1.8.0_162\jre\lib\ext\sunjce_provider.jar;D:\develop\java\jdk\jdk1.8.0_162\jre\lib\ext\sunmscapi.jar;D:\develop\java\jdk\jdk1.8.0_162\jre\lib\ext\sunpkcs11.jar;D:\develop\java\jdk\jdk1.8.0_162\jre\lib\ext\zipfs.jar;D:\develop\java\workspace\demo\target\classes;D:\develop\java\apache-maven-3.5.2\repository\org\springframework\boot\spring-boot-starter-data-jpa\1.5.10.RELEASE\spring-boot-starter-data-jpa-1.5.10.RELEASE.jar;D:\develop\java\apache-maven-3.5.2\repository\org\springframework\boot\spring-boot-starter\1.5.10.RELEASE\spring-boot-starter-1.5.10.RELEASE.jar;D:\develop\java\apache-maven-3.5.2\repository\org\springframework\boot\spring-boot\1.5.10.RELEASE\spring-boot-1.5.10.RELEASE.jar;D:\develop\java\apache-maven-3.5.2\repository\org\springframework\boot\spring-boot-autoconfigure\1.5.10.RELEASE\spring-boot-autoconfigure-1.5.10.RELEASE.jar;D:\develop\java\apache-maven-3.5.2\repository\org\springframework\boot\spring-boot-starter-logging\1.5.10.RELEASE\spring-boot-starter-logging-1.5.10.RELEASE.jar;D:\develop\java\apache-maven-3.5.2\repository\ch\qos\logback\logback-classic\1.1.11\logback-classic-1.1.11.jar;D:\develop\java\apache-maven-3.5.2\repository\ch\qos\
Launcher Type: SUN_STANDARD

Environment Variables:
JAVA_HOME=D:\develop\java\jdk\jdk1.8.0_162
CLASSPATH=D:\develop\java\jdk\jdk1.8.0_162\lib\dt.jar;D:\develop\java\jdk\jdk1.8.0_162\lib\tools.jar
PATH=D:/develop/java/jdk/jre8/bin/server;D:/develop/java/jdk/jre8/bin;D:/develop/java/jdk/jre8/lib/amd64;C:\ProgramData\Oracle\Java\javapath;C:\Windows\system32;C:\Windows;C:\Windows\System32\Wbem;C:\Windows\System32\WindowsPowerShell\v1.0\;D:\develop\java\jdk\jdk1.8.0_162\bin;D:\develop\java\jdk\jdk1.8.0_162\jre\bin;D:\develop\java\apache-maven-3.5.2\bin;D:\develop\database\MySQL\MySQL Server 5.5\bin;D:\develop\Git\cmd;D:\develop\tools\TortoiseSVN\bin;C:\Users\vickl\AppData\Local\Microsoft\WindowsApps;D:\develop\IDE\Microsoft VS Code Insiders\bin;D:\develop\IDE\eclipse;
USERNAME=vickl
OS=Windows_NT
PROCESSOR_IDENTIFIER=Intel64 Family 6 Model 58 Stepping 9, GenuineIntel



---------------  S Y S T E M  ---------------

OS: Windows 10.0 , 64 bit Build 16299 (10.0.16299.15)

CPU:total 4 (initial active 4) (2 cores per cpu, 2 threads per core) family 6 model 58 stepping 9, cmov, cx8, fxsr, mmx, sse, sse2, sse3, ssse3, sse4.1, sse4.2, popcnt, avx, aes, clmul, erms, ht, tsc, tscinvbit, tscinv

Memory: 4k page, physical 8272784k(4466140k free), swap 8797072k(3849148k free)

vm_info: Java HotSpot(TM) 64-Bit Server VM (25.162-b12) for windows-amd64 JRE (1.8.0_162-b12), built on Dec 19 2017 20:00:03 by "java_re" with MS VC++ 10.0 (VS2010)

time: Tue Dec 04 23:24:38 2018
elapsed time: 1 seconds (0d 0h 0m 1s)

